<?xml version="1.0" encoding="UTF-8"?>
<testng-results ignored="0" total="1" passed="1" failed="0" skipped="0">
  <reporter-output>
  </reporter-output>
  <suite started-at="2022-04-28T01:20:32 EDT" name="Surefire suite" finished-at="2022-04-28T01:21:00 EDT" duration-ms="28122">
    <groups>
      <group name="commonTest">
        <method signature="CommonWordsTest.findTheTopDuplicateThreeWords()[pri:0, instance:controller.CommonWordsTest@40f08448]" name="findTheTopDuplicateThreeWords" class="controller.CommonWordsTest"/>
      </group> <!-- commonTest -->
    </groups>
    <test started-at="2022-04-28T01:20:32 EDT" name="Surefire test" finished-at="2022-04-28T01:21:00 EDT" duration-ms="28122">
      <class name="controller.CommonWordsTest">
        <test-method signature="findTheTopDuplicateThreeWords()[pri:0, instance:controller.CommonWordsTest@40f08448]" started-at="2022-04-28T01:20:32 EDT" name="findTheTopDuplicateThreeWords" finished-at="2022-04-28T01:21:00 EDT" duration-ms="28099" status="PASS">
          <reporter-output>
          </reporter-output>
        </test-method> <!-- findTheTopDuplicateThreeWords -->
      </class> <!-- controller.CommonWordsTest -->
    </test> <!-- Surefire test -->
  </suite> <!-- Surefire suite -->
</testng-results>
