<?xml version="1.0" encoding="UTF-8"?>
<testsuite xmlns:xsi="http://www.w3.org/2001/XMLSchema-instance" xsi:noNamespaceSchemaLocation="https://maven.apache.org/surefire/maven-surefire-plugin/xsd/surefire-test-report-3.0.xsd" version="3.0" name="controller.CommonWordsTest" time="28.363" tests="1" errors="0" skipped="0" failures="0">
  <properties>
[...]
</properties>
  <testcase name="findTheTopDuplicateThreeWords" classname="controller.CommonWordsTest" time="28.103">
    <system-out><![CDATA[ --- 350
chapter --- 405
ofthesea --- 57
oneofthe --- 64
outofthe --- 57
thewhitewhale --- 71
chapterthe --- 160
thespermwhale --- 85
asortof --- 51
ofthewhale --- 77
partofthe --- 53
]]></system-out>
    <system-err><![CDATA[SLF4J: Failed to load class "org.slf4j.impl.StaticLoggerBinder".
SLF4J: Defaulting to no-operation (NOP) logger implementation
SLF4J: See http://www.slf4j.org/codes.html#StaticLoggerBinder for further details.
]]></system-err>
  </testcase>
</testsuite>